2023-10-19 23:08:37,567 - INFO - Processing scripts...

2023-10-19 23:08:37,568 - INFO - Extracting broken GUIDs and relative paths...

2023-10-19 23:08:37,572 - INFO - Searching for working GUIDs...

2023-10-19 23:08:37,613 - INFO - Patching files...

2023-10-19 23:08:37,617 - INFO - - Updated: C:/Users/jakec/OneDrive/Desktop/my modding stuff/TKINTER EXE PROGRAMS/WeaponAIO/WeaponAIO/EXPORT/ump/exporttwooooo/mp7/ExportedProject/Assets\Content\Audio\Banks\mp7\mp7_main.asset

2023-10-19 23:08:37,621 - INFO - - Updated: C:/Users/jakec/OneDrive/Desktop/my modding stuff/TKINTER EXE PROGRAMS/WeaponAIO/WeaponAIO/EXPORT/ump/exporttwooooo/mp7/ExportedProject/Assets\Content\Audio\Banks\mp7\mp7_main_silenced.asset

2023-10-19 23:08:37,625 - INFO - - Updated: C:/Users/jakec/OneDrive/Desktop/my modding stuff/TKINTER EXE PROGRAMS/WeaponAIO/WeaponAIO/EXPORT/ump/exporttwooooo/mp7/ExportedProject/Assets\Content\Audio\Banks\mp7\mp7_tail.asset

2023-10-19 23:08:37,630 - INFO - - Updated: C:/Users/jakec/OneDrive/Desktop/my modding stuff/TKINTER EXE PROGRAMS/WeaponAIO/WeaponAIO/EXPORT/ump/exporttwooooo/mp7/ExportedProject/Assets\Content\Audio\Banks\mp7\mp7_tail_silenced.asset

2023-10-19 23:08:37,633 - INFO - - Updated: C:/Users/jakec/OneDrive/Desktop/my modding stuff/TKINTER EXE PROGRAMS/WeaponAIO/WeaponAIO/EXPORT/ump/exporttwooooo/mp7/ExportedProject/Assets\Content\Audio\Banks\mp9\mp9_main.asset

2023-10-19 23:08:37,636 - INFO - - Updated: C:/Users/jakec/OneDrive/Desktop/my modding stuff/TKINTER EXE PROGRAMS/WeaponAIO/WeaponAIO/EXPORT/ump/exporttwooooo/mp7/ExportedProject/Assets\Content\Audio\Banks\mp9\mp9_main_silenced.asset

2023-10-19 23:08:37,642 - INFO - - Updated: C:/Users/jakec/OneDrive/Desktop/my modding stuff/TKINTER EXE PROGRAMS/WeaponAIO/WeaponAIO/EXPORT/ump/exporttwooooo/mp7/ExportedProject/Assets\Content\Audio\Banks\mp9\mp9_tail.asset

2023-10-19 23:08:37,644 - INFO - - Updated: C:/Users/jakec/OneDrive/Desktop/my modding stuff/TKINTER EXE PROGRAMS/WeaponAIO/WeaponAIO/EXPORT/ump/exporttwooooo/mp7/ExportedProject/Assets\Content\Audio\Banks\mp9\mp9_tail_silenced.asset

2023-10-19 23:08:37,648 - INFO - - Updated: C:/Users/jakec/OneDrive/Desktop/my modding stuff/TKINTER EXE PROGRAMS/WeaponAIO/WeaponAIO/EXPORT/ump/exporttwooooo/mp7/ExportedProject/Assets\Content\Audio\Banks\mp9n\mp9n_main.asset

2023-10-19 23:08:37,652 - INFO - - Updated: C:/Users/jakec/OneDrive/Desktop/my modding stuff/TKINTER EXE PROGRAMS/WeaponAIO/WeaponAIO/EXPORT/ump/exporttwooooo/mp7/ExportedProject/Assets\Content\Audio\Banks\mp9n\mp9n_main_silenced.asset

2023-10-19 23:08:37,657 - INFO - - Updated: C:/Users/jakec/OneDrive/Desktop/my modding stuff/TKINTER EXE PROGRAMS/WeaponAIO/WeaponAIO/EXPORT/ump/exporttwooooo/mp7/ExportedProject/Assets\Content\Audio\Banks\mp9n\mp9n_tail.asset

2023-10-19 23:08:37,661 - INFO - - Updated: C:/Users/jakec/OneDrive/Desktop/my modding stuff/TKINTER EXE PROGRAMS/WeaponAIO/WeaponAIO/EXPORT/ump/exporttwooooo/mp7/ExportedProject/Assets\Content\Audio\Banks\mp9n\mp9n_tail_silenced.asset

2023-10-19 23:08:37,664 - INFO - - Updated: C:/Users/jakec/OneDrive/Desktop/my modding stuff/TKINTER EXE PROGRAMS/WeaponAIO/WeaponAIO/EXPORT/ump/exporttwooooo/mp7/ExportedProject/Assets\Content\Audio\Banks\ump\ump_main.asset

2023-10-19 23:08:37,667 - INFO - - Updated: C:/Users/jakec/OneDrive/Desktop/my modding stuff/TKINTER EXE PROGRAMS/WeaponAIO/WeaponAIO/EXPORT/ump/exporttwooooo/mp7/ExportedProject/Assets\Content\Audio\Banks\ump\ump_main_silenced.asset

2023-10-19 23:08:37,673 - INFO - - Updated: C:/Users/jakec/OneDrive/Desktop/my modding stuff/TKINTER EXE PROGRAMS/WeaponAIO/WeaponAIO/EXPORT/ump/exporttwooooo/mp7/ExportedProject/Assets\Content\Audio\Banks\ump\ump_tail.asset

2023-10-19 23:08:37,677 - INFO - - Updated: C:/Users/jakec/OneDrive/Desktop/my modding stuff/TKINTER EXE PROGRAMS/WeaponAIO/WeaponAIO/EXPORT/ump/exporttwooooo/mp7/ExportedProject/Assets\Content\Audio\Banks\ump\ump_tail_silenced.asset

2023-10-19 23:08:37,682 - INFO - - Updated: C:/Users/jakec/OneDrive/Desktop/my modding stuff/TKINTER EXE PROGRAMS/WeaponAIO/WeaponAIO/EXPORT/ump/exporttwooooo/mp7/ExportedProject/Assets\Content\Audio\Banks\vector\vector45_main.asset

2023-10-19 23:08:37,685 - INFO - - Updated: C:/Users/jakec/OneDrive/Desktop/my modding stuff/TKINTER EXE PROGRAMS/WeaponAIO/WeaponAIO/EXPORT/ump/exporttwooooo/mp7/ExportedProject/Assets\Content\Audio\Banks\vector\vector45_main_silenced.asset

2023-10-19 23:08:37,690 - INFO - - Updated: C:/Users/jakec/OneDrive/Desktop/my modding stuff/TKINTER EXE PROGRAMS/WeaponAIO/WeaponAIO/EXPORT/ump/exporttwooooo/mp7/ExportedProject/Assets\Content\Audio\Banks\vector\vector45_tail.asset

2023-10-19 23:08:37,693 - INFO - - Updated: C:/Users/jakec/OneDrive/Desktop/my modding stuff/TKINTER EXE PROGRAMS/WeaponAIO/WeaponAIO/EXPORT/ump/exporttwooooo/mp7/ExportedProject/Assets\Content\Audio\Banks\vector\vector45_tail_silenced.asset

2023-10-19 23:08:37,697 - INFO - - Updated: C:/Users/jakec/OneDrive/Desktop/my modding stuff/TKINTER EXE PROGRAMS/WeaponAIO/WeaponAIO/EXPORT/ump/exporttwooooo/mp7/ExportedProject/Assets\Content\Audio\Banks\vector\vector9_main.asset

2023-10-19 23:08:37,701 - INFO - - Updated: C:/Users/jakec/OneDrive/Desktop/my modding stuff/TKINTER EXE PROGRAMS/WeaponAIO/WeaponAIO/EXPORT/ump/exporttwooooo/mp7/ExportedProject/Assets\Content\Audio\Banks\vector\vector9_main_silenced.asset

2023-10-19 23:08:37,705 - INFO - - Updated: C:/Users/jakec/OneDrive/Desktop/my modding stuff/TKINTER EXE PROGRAMS/WeaponAIO/WeaponAIO/EXPORT/ump/exporttwooooo/mp7/ExportedProject/Assets\Content\Audio\Banks\vector\vector9_tail.asset

2023-10-19 23:08:37,708 - INFO - - Updated: C:/Users/jakec/OneDrive/Desktop/my modding stuff/TKINTER EXE PROGRAMS/WeaponAIO/WeaponAIO/EXPORT/ump/exporttwooooo/mp7/ExportedProject/Assets\Content\Audio\Banks\vector\vector9_tail_silenced.asset

2023-10-19 23:08:37,715 - INFO - - Updated: C:/Users/jakec/OneDrive/Desktop/my modding stuff/TKINTER EXE PROGRAMS/WeaponAIO/WeaponAIO/EXPORT/ump/exporttwooooo/mp7/ExportedProject/Assets\Content\Weapons\ump\charge_ump_hk_ump_std_handle_LOD0.asset

2023-10-19 23:08:37,719 - INFO - - Updated: C:/Users/jakec/OneDrive/Desktop/my modding stuff/TKINTER EXE PROGRAMS/WeaponAIO/WeaponAIO/EXPORT/ump/exporttwooooo/mp7/ExportedProject/Assets\Content\Weapons\ump\charge_ump_hk_ump_std_LOD0.asset

2023-10-19 23:08:37,723 - INFO - - Updated: C:/Users/jakec/OneDrive/Desktop/my modding stuff/TKINTER EXE PROGRAMS/WeaponAIO/WeaponAIO/EXPORT/ump/exporttwooooo/mp7/ExportedProject/Assets\Content\Weapons\ump\charge_ump_hk_ump_std_LOD1.asset

2023-10-19 23:08:37,730 - INFO - - Updated: C:/Users/jakec/OneDrive/Desktop/my modding stuff/TKINTER EXE PROGRAMS/WeaponAIO/WeaponAIO/EXPORT/ump/exporttwooooo/mp7/ExportedProject/Assets\Content\Weapons\ump\reciever_ump_hk_ump_45_std_LOD0.asset

2023-10-19 23:08:37,734 - INFO - - Updated: C:/Users/jakec/OneDrive/Desktop/my modding stuff/TKINTER EXE PROGRAMS/WeaponAIO/WeaponAIO/EXPORT/ump/exporttwooooo/mp7/ExportedProject/Assets\Content\Weapons\ump\reciever_ump_hk_ump_45_std_LOD1.asset

2023-10-19 23:08:37,738 - INFO - - Updated: C:/Users/jakec/OneDrive/Desktop/my modding stuff/TKINTER EXE PROGRAMS/WeaponAIO/WeaponAIO/EXPORT/ump/exporttwooooo/mp7/ExportedProject/Assets\Content\Weapons\ump\ump_bolt_catch_LOD0.asset

2023-10-19 23:08:37,742 - INFO - - Updated: C:/Users/jakec/OneDrive/Desktop/my modding stuff/TKINTER EXE PROGRAMS/WeaponAIO/WeaponAIO/EXPORT/ump/exporttwooooo/mp7/ExportedProject/Assets\Content\Weapons\ump\ump_bolt_LOD0.asset

2023-10-19 23:08:37,745 - INFO - - Updated: C:/Users/jakec/OneDrive/Desktop/my modding stuff/TKINTER EXE PROGRAMS/WeaponAIO/WeaponAIO/EXPORT/ump/exporttwooooo/mp7/ExportedProject/Assets\Content\Weapons\ump\ump_bolt_spring_LOD0.asset

2023-10-19 23:08:37,750 - INFO - - Updated: C:/Users/jakec/OneDrive/Desktop/my modding stuff/TKINTER EXE PROGRAMS/WeaponAIO/WeaponAIO/EXPORT/ump/exporttwooooo/mp7/ExportedProject/Assets\Content\Weapons\ump\ump_hammer_LOD0.asset

2023-10-19 23:08:37,754 - INFO - - Updated: C:/Users/jakec/OneDrive/Desktop/my modding stuff/TKINTER EXE PROGRAMS/WeaponAIO/WeaponAIO/EXPORT/ump/exporttwooooo/mp7/ExportedProject/Assets\Content\Weapons\ump\ump_relaese_LOD0.asset

2023-10-19 23:08:37,758 - INFO - - Updated: C:/Users/jakec/OneDrive/Desktop/my modding stuff/TKINTER EXE PROGRAMS/WeaponAIO/WeaponAIO/EXPORT/ump/exporttwooooo/mp7/ExportedProject/Assets\Content\Weapons\ump\ump_selector_LOD0.asset

2023-10-19 23:08:37,763 - INFO - - Updated: C:/Users/jakec/OneDrive/Desktop/my modding stuff/TKINTER EXE PROGRAMS/WeaponAIO/WeaponAIO/EXPORT/ump/exporttwooooo/mp7/ExportedProject/Assets\Content\Weapons\ump\ump_trigger_group_LOD0.asset

2023-10-19 23:08:37,766 - INFO - - Updated: C:/Users/jakec/OneDrive/Desktop/my modding stuff/TKINTER EXE PROGRAMS/WeaponAIO/WeaponAIO/EXPORT/ump/exporttwooooo/mp7/ExportedProject/Assets\Content\Weapons\ump\ump_trigger_group_LOD1.asset

2023-10-19 23:08:37,771 - INFO - - Updated: C:/Users/jakec/OneDrive/Desktop/my modding stuff/TKINTER EXE PROGRAMS/WeaponAIO/WeaponAIO/EXPORT/ump/exporttwooooo/mp7/ExportedProject/Assets\Content\Weapons\ump\ump_trigger_LOD0.asset

2023-10-19 23:08:37,775 - INFO - - Updated: C:/Users/jakec/OneDrive/Desktop/my modding stuff/TKINTER EXE PROGRAMS/WeaponAIO/WeaponAIO/EXPORT/ump/exporttwooooo/mp7/ExportedProject/Assets\Content\Weapons\ump\weapon_hk_ump_1143x23.controller

2023-10-19 23:08:37,782 - INFO - - Updated: C:/Users/jakec/OneDrive/Desktop/my modding stuff/TKINTER EXE PROGRAMS/WeaponAIO/WeaponAIO/EXPORT/ump/exporttwooooo/mp7/ExportedProject/Assets\Content\Weapons\ump\weapon_hk_ump_1143x23_animation.prefab

2023-10-19 23:08:37,785 - INFO - - Updated: C:/Users/jakec/OneDrive/Desktop/my modding stuff/TKINTER EXE PROGRAMS/WeaponAIO/WeaponAIO/EXPORT/ump/exporttwooooo/mp7/ExportedProject/Assets\Content\Weapons\ump\weapon_hk_ump_1143x23_animationAvatar.asset

2023-10-19 23:08:37,790 - INFO - - Updated: C:/Users/jakec/OneDrive/Desktop/my modding stuff/TKINTER EXE PROGRAMS/WeaponAIO/WeaponAIO/EXPORT/ump/exporttwooooo/mp7/ExportedProject/Assets\Content\Weapons\ump\weapon_hk_ump_1143x23_animation_1.prefab

2023-10-19 23:08:37,794 - INFO - - Updated: C:/Users/jakec/OneDrive/Desktop/my modding stuff/TKINTER EXE PROGRAMS/WeaponAIO/WeaponAIO/EXPORT/ump/exporttwooooo/mp7/ExportedProject/Assets\Content\Weapons\ump\weapon_hk_ump_1143x23_animation_1Avatar.asset

2023-10-19 23:08:37,798 - INFO - - Updated: C:/Users/jakec/OneDrive/Desktop/my modding stuff/TKINTER EXE PROGRAMS/WeaponAIO/WeaponAIO/EXPORT/ump/exporttwooooo/mp7/ExportedProject/Assets\Content\Weapons\ump\weapon_hk_ump_1143x23_container.prefab

2023-10-19 23:08:37,803 - INFO - - Updated: C:/Users/jakec/OneDrive/Desktop/my modding stuff/TKINTER EXE PROGRAMS/WeaponAIO/WeaponAIO/EXPORT/ump/exporttwooooo/mp7/ExportedProject/Assets\Content\Weapons\ump\weapon_hk_ump_1143x23_LOD0.asset

2023-10-19 23:08:37,807 - INFO - - Updated: C:/Users/jakec/OneDrive/Desktop/my modding stuff/TKINTER EXE PROGRAMS/WeaponAIO/WeaponAIO/EXPORT/ump/exporttwooooo/mp7/ExportedProject/Assets\Content\Weapons\ump\weapon_hk_ump_1143x23_LOD1.asset

2023-10-19 23:08:37,812 - INFO - - Updated: C:/Users/jakec/OneDrive/Desktop/my modding stuff/TKINTER EXE PROGRAMS/WeaponAIO/WeaponAIO/EXPORT/ump/exporttwooooo/mp7/ExportedProject/Assets\Content\Weapons\ump\weapon_hk_ump_1143x23_model.generated.prefab

2023-10-19 23:08:37,815 - INFO - - Updated: C:/Users/jakec/OneDrive/Desktop/my modding stuff/TKINTER EXE PROGRAMS/WeaponAIO/WeaponAIO/EXPORT/ump/exporttwooooo/mp7/ExportedProject/Assets\Content\Weapons\ump\weapon_hk_ump_1143x23_model.prefab

2023-10-19 23:08:37,819 - INFO - - Updated: C:/Users/jakec/OneDrive/Desktop/my modding stuff/TKINTER EXE PROGRAMS/WeaponAIO/WeaponAIO/EXPORT/ump/exporttwooooo/mp7/ExportedProject/Assets\Content\Weapons\ump\weapon_hk_ump_1143x23_modelAvatar.asset

2023-10-19 23:08:37,824 - INFO - - Updated: C:/Users/jakec/OneDrive/Desktop/my modding stuff/TKINTER EXE PROGRAMS/WeaponAIO/WeaponAIO/EXPORT/ump/exporttwooooo/mp7/ExportedProject/Assets\Content\Weapons\ump\weapon_hk_ump_1143x23_model_simple.generated.prefab

2023-10-19 23:08:37,828 - INFO - - Updated: C:/Users/jakec/OneDrive/Desktop/my modding stuff/TKINTER EXE PROGRAMS/WeaponAIO/WeaponAIO/EXPORT/ump/exporttwooooo/mp7/ExportedProject/Assets\MonoBehaviour\weapon_hk_ump_1143x23_StaticData.asset

2023-10-19 23:08:37,832 - INFO - Script completed.

2023-10-19 23:08:37,834 - INFO - Files successfully patched: 51

2023-10-19 23:08:37,837 - INFO - Files skipped due to errors: 0

2023-10-19 23:08:37,840 - INFO - Total errors encountered: 0

2023-10-19 23:08:37,843 - INFO - Broken scripts without matching working scripts: 1

